2022-04-27 20:04:37,314 [      1]   INFO -        #com.intellij.idea.Main - ------------------------------------------------------ IDE STARTED ------------------------------------------------------ 
2022-04-27 20:04:37,377 [     64]   INFO - .intellij.util.EnvironmentUtil - loading shell env: /bin/bash -l -i -c '/Users/eva/.gradle/caches/modules-2/files-2.1/com.jetbrains.intellij.pycharm/pycharmPY/2021.2.4/3f7601d05f08ba58cd2a596c2d5ab893b99e5df4/pycharmPY-2021.2.4/bin/printenv' '/var/folders/0r/409ysjl52nn3h_0b9bgp9zxc0000gp/T/intellij-shell-env.15121008100641728912.tmp' 
2022-04-27 20:04:37,594 [    281]   INFO - .intellij.util.EnvironmentUtil - shell environment loaded (19 vars) 
2022-04-27 20:04:37,731 [    418]   INFO -        #com.intellij.idea.Main - IDE: PyCharm (build #PY-212.5712.39, 21 Dec 2021 05:43) 
2022-04-27 20:04:37,734 [    421]   INFO -        #com.intellij.idea.Main - OS: Mac OS X (12.3.1, x86_64) 
2022-04-27 20:04:37,773 [    460]   INFO -        #com.intellij.idea.Main - JRE: 11.0.13+8-b1504.49 (JetBrains s.r.o.) 
2022-04-27 20:04:37,775 [    462]   INFO -        #com.intellij.idea.Main - JVM: 11.0.13+8-b1504.49 (OpenJDK 64-Bit Server VM) 
2022-04-27 20:04:37,791 [    478]   INFO -        #com.intellij.idea.Main - JVM Args: -Dapple.awt.fileDialogForDirectories=true -Dapple.laf.useScreenMenuBar=true -Didea.auto.reload.plugins=true -Didea.classpath.index.enabled=false -Didea.config.path=/Users/eva/Desktop/regexp_helper/build/idea-sandbox/config -Didea.is.internal=true -Didea.platform.prefix=Python -Didea.plugins.path=/Users/eva/Desktop/regexp_helper/build/idea-sandbox/plugins -Didea.required.plugins.id=org.intellij.sdk.regexp -Didea.smooth.progress=false -Didea.system.path=/Users/eva/Desktop/regexp_helper/build/idea-sandbox/system -Xms256m -Xmx512m -Dfile.encoding=UTF-8 -Duser.country=RU -Duser.language=en -Duser.variant -ea 
2022-04-27 20:04:37,792 [    479]   INFO -        #com.intellij.idea.Main - library path: /Users/eva/Library/Java/Extensions:/Library/Java/Extensions:/Network/Library/Java/Extensions:/System/Library/Java/Extensions:/usr/lib/java:. 
2022-04-27 20:04:37,792 [    479]   INFO -        #com.intellij.idea.Main - boot library path: /Users/eva/.gradle/caches/modules-2/files-2.1/com.jetbrains/jbre/jbr_jcef-11_0_13-osx-x64-b1504.49/extracted/jbr/Contents/Home/lib 
2022-04-27 20:04:38,065 [    752]   INFO -        #com.intellij.idea.Main - locale=en_RU JNU=UTF-8 file.encoding=UTF-8
  idea.config.path=/Users/eva/Desktop/regexp_helper/build/idea-sandbox/config
  idea.system.path=/Users/eva/Desktop/regexp_helper/build/idea-sandbox/system
  idea.plugins.path=/Users/eva/Desktop/regexp_helper/build/idea-sandbox/plugins
  idea.log.path=/Users/eva/Desktop/regexp_helper/build/idea-sandbox/system/log 
2022-04-27 20:04:38,238 [    925]   INFO -        #com.intellij.idea.Main - CPU cores: 8; ForkJoinPool.commonPool: java.util.concurrent.ForkJoinPool@729c90da[Running, parallelism = 7, size = 7, active = 3, running = 3, steals = 4, tasks = 0, submissions = 0]; factory: com.intellij.concurrency.IdeaForkJoinWorkerThreadFactory@27fa7544 
2022-04-27 20:04:38,530 [   1217]   INFO -        #com.intellij.idea.Main - JNA library (64-bit) loaded in 286 ms 
2022-04-27 20:04:39,227 [   1914]   WARN - i.mac.MacOSApplicationProvider - No URL bundle (CFBundleURLTypes) is defined in the main bundle.
To be able to open external links, specify protocols in the app layout section of the build file.
Example: args.urlSchemes = ["your-protocol"] will handle following links: your-protocol://open?file=file&line=line 
2022-04-27 20:04:45,081 [   7768]   INFO - e.plugins.DisabledPluginsState - Plugins to enable: [com.jetbrains.codeWithMe] 
2022-04-27 20:04:45,194 [   7881]   INFO - llij.ide.plugins.PluginManager - Loaded bundled plugins: IDEA CORE (212.5712.39), WSL File System Support (212.5712.39), Ini (212.5712.39), EditorConfig (212.5712.39), TextMate Bundles (212.5712.39), Windows 10 Light Theme (212.5712.39), Mercurial (212.5712.39), Machine Learning Code Completion (212.5712.39), IDE Settings Sync (212.5712.39), Perforce Helix Core (212.5712.39), Subversion (212.5712.39), GNU GetText files support (*.po) (212.5712.39), IntelliLang (212.5712.39), Gherkin (212.5712.39), Terminal (212.5712.39), Git (212.5712.39), ChangeReminder (212.5712.39), FTP/SFTP Connectivity (ex. Remote Hosts Access) (212.5712.39), File Watchers (212.5712.39), YAML (212.5712.39), Puppet (212.5712.39), Docker (212.5712.39), IDE Features Trainer (212.5712.39), IDE Features Trainer: Git Lessons (212.5712.39), Task Management (212.5712.39), Time Tracking (212.5712.39), macOS Light Theme (212.5712.39), Performance Testing (212.5712.39), Performance Testing (Dynamic Plugins) (212.5712.39), Settings Repository (212.5712.39), SSH Remote Run (212.5712.39), WSL Support Framework (212.5712.39), Emoji Picker (212.5712.39), Copyright (212.5712.39), Shell Script (212.5712.39), Properties (212.5712.39), Diagrams (212.5712.39), Images (212.5712.39), Markdown (212.5712.39), Grazie (212.5712.39), GitHub (212.5712.39), CSS (212.5712.39), Stylus (212.5712.39), Haml (212.5712.39), Less (212.5712.39), Sass (212.5712.39), Configuration Script (212.5712.39), Shared Indexes (212.5712.39), Shared Project Indexes (212.5712.39), Shared Indexes for Python (212.5712.39), Code With Me (212.5712.39), ReStructuredText (212.5712.39), JavaScript and TypeScript (212.5712.39), HTTP Client (212.5712.39), TSLint (212.5712.39), Database Tools and SQL (212.5712.39), JavaScript Intention Power Pack (212.5712.39), JavaScript Debugger (212.5712.39), Python (212.5712.39), Datalore (0.1.13-212), PyCharm Professional Customization (212.5712.39), Shared Indexes for Python (212.5712.39), CoffeeScript (212.5712.39), Angular and AngularJS (212.5712.39), HTML Tools (212.5712.39), Vagrant (212.5712.39), Space (212.5712.39) 
2022-04-27 20:04:45,194 [   7881]   INFO - llij.ide.plugins.PluginManager - Loaded custom plugins: RegexpHelper (0.1.0) 
2022-04-27 20:04:46,131 [   8818]   INFO - til.net.ssl.CertificateManager - Default SSL context initialized 
2022-04-27 20:04:46,226 [   8913]   INFO - rains.ide.BuiltInServerManager - built-in server started, port 63343 
2022-04-27 20:04:46,380 [   9067]   INFO - ication.options.PathMacrosImpl - Loaded path macros: {} 
2022-04-27 20:04:46,529 [   9216]   WARN - j.internal.DebugAttachDetector - Unable to start DebugAttachDetector, please add `--add-exports java.base/jdk.internal.vm=ALL-UNNAMED` to VM options 
2022-04-27 20:04:46,603 [   9290]   INFO - rsistent.PersistentFSConnector - Marking VFS as corrupted: '/Users/eva/Desktop/regexp_helper/build/idea-sandbox/system/caches/names.dat' does not exist 
2022-04-27 20:04:46,608 [   9295]   INFO - intellij.util.io.FilePageCache - lower=100; upper=492; buffer=10; max=492 
2022-04-27 20:04:46,801 [   9488]   INFO - .history.utils.LocalHistoryLog - local history version mismatch (was: 0, expected: 6), rebuilding... 
2022-04-27 20:04:46,801 [   9488]   INFO - .history.utils.LocalHistoryLog - FS has been rebuild, rebuilding local history... 
2022-04-27 20:04:46,880 [   9567]   INFO - intellij.diagnostic.JitWatcher - JIT compilation state checking enabled 
2022-04-27 20:04:47,183 [   9870]   INFO - penapi.application.Experiments - Experimental features enabled for user: wsl.p9.support, wsl.prefer.p9.support, wsl.p9.show.roots.in.file.chooser, wsl.execute.with.wsl.exe, linux.native.menu, recent.and.edited.files.together, show.create.new.element.in.popup, search.everywhere.mixed.results, editor.reader.mode, new.large.text.file.viewer, wsl.fsd.content.loader, terminal.shell.command.handling, reuse.target.paths.for.rsync 
2022-04-27 20:04:47,215 [   9902]   INFO - impl.SharedIndexInfrastructure - Shared index version updated from -1 to 7 
2022-04-27 20:04:47,229 [   9916]   INFO - impl.SharedIndexInfrastructure - Shared index persistent data has been cleared 
2022-04-27 20:04:47,249 [   9936]   INFO - impl.SharedIndexMainZipStorage - Shared Indexes Storage is opened and empty 
2022-04-27 20:04:47,456 [  10143]   INFO - stubs.SerializationManagerImpl - Name storage is repaired 
2022-04-27 20:04:47,486 [  10173]   INFO - impl.SharedIndexMainZipStorage - Shared Indexes Storage is opened and empty 
2022-04-27 20:04:47,539 [  10226]   INFO - impl.SharedIndexInfrastructure - Shared index persistent data has been cleared 
2022-04-27 20:04:47,890 [  10577]   WARN - nSystem.impl.ActionManagerImpl - keymap "Visual Studio" not found [Plugin: com.intellij] 
2022-04-27 20:04:47,908 [  10595]   WARN - tellij.ide.SystemHealthMonitor - issue detected: bundled.jre.m1.arch.message 
2022-04-27 20:04:47,910 [  10597]   WARN - nSystem.impl.ActionManagerImpl - keymap "Eclipse" not found [Plugin: com.intellij] 
2022-04-27 20:04:47,910 [  10597]   WARN - nSystem.impl.ActionManagerImpl - keymap "NetBeans 6.5" not found [Plugin: com.intellij] 
2022-04-27 20:04:47,910 [  10597]   WARN - nSystem.impl.ActionManagerImpl - keymap "Visual Studio" not found [Plugin: com.intellij] 
2022-04-27 20:04:47,932 [  10619]   WARN - nSystem.impl.ActionManagerImpl - keymap "Eclipse (Mac OS X)" not found [Plugin: com.intellij] 
2022-04-27 20:04:48,029 [  10716]   INFO - pl.local.NativeFileWatcherImpl - Starting file watcher: /Users/eva/.gradle/caches/modules-2/files-2.1/com.jetbrains.intellij.pycharm/pycharmPY/2021.2.4/3f7601d05f08ba58cd2a596c2d5ab893b99e5df4/pycharmPY-2021.2.4/bin/mac/fsnotifier 
2022-04-27 20:04:48,054 [  10741]   INFO - pl.local.NativeFileWatcherImpl - Native file watcher is operational. 
2022-04-27 20:04:48,101 [  10788]   WARN - nSystem.impl.ActionManagerImpl - keymap "Eclipse" not found [Plugin: org.jetbrains.plugins.github] 
2022-04-27 20:04:48,101 [  10788]   WARN - nSystem.impl.ActionManagerImpl - keymap "Eclipse (Mac OS X)" not found [Plugin: org.jetbrains.plugins.github] 
2022-04-27 20:04:48,102 [  10789]   WARN - nSystem.impl.ActionManagerImpl - keymap "Eclipse (Mac OS X)" not found [Plugin: org.jetbrains.plugins.github] 
2022-04-27 20:04:48,125 [  10812]   WARN - nSystem.impl.ActionManagerImpl - keymap "Eclipse" not found [Plugin: JavaScript] 
2022-04-27 20:04:48,125 [  10812]   WARN - nSystem.impl.ActionManagerImpl - keymap "Visual Studio" not found [Plugin: JavaScript] 
2022-04-27 20:04:48,170 [  10857]   WARN - nSystem.impl.ActionManagerImpl - keymap "Eclipse" not found [Plugin: Pythonid] 
2022-04-27 20:04:48,170 [  10857]   WARN - nSystem.impl.ActionManagerImpl - keymap "NetBeans 6.5" not found [Plugin: Pythonid] 
2022-04-27 20:04:48,171 [  10858]   WARN - nSystem.impl.ActionManagerImpl - keymap "Visual Studio" not found [Plugin: Pythonid] 
2022-04-27 20:04:48,171 [  10858]   WARN - nSystem.impl.ActionManagerImpl - keymap "Eclipse" not found [Plugin: Pythonid] 
2022-04-27 20:04:48,211 [  10898]   WARN - nSystem.impl.ActionManagerImpl - keymap "Visual Studio" not found [Plugin: HtmlTools] 
2022-04-27 20:04:48,358 [  11045]   INFO - penapi.application.Experiments - Experimental feature 'terminal.shell.command.handling' is now turned OFF 
2022-04-27 20:04:48,381 [  11068]   INFO - cloudConfig.CloudConfigManager - === Start: JBA_NOT_CONNECTED (2ms) === 
2022-04-27 20:04:48,484 [  11171]   INFO - m.intellij.ui.mac.touchbar.NST - touchbar-server isn't running, skip nst loading 
2022-04-27 20:04:48,493 [  11180]   INFO - ings.impl.UpdateCheckerService - channel: release 
2022-04-27 20:04:48,497 [  11184]   INFO - i.mac.touchbar.TouchbarSupport - touchbar support is enabled 
2022-04-27 20:04:49,663 [  12350]   INFO - il.indexing.FileBasedIndexImpl - Indexes to be rebuilt after corruption:FilenameIndex(v = 3),FrameworkDetectionIndex(v = 65536),TodoIndex(v = 4107),IdIndex(v = 4113),filetypes(v = 258),Stubs(v = 46),Trigram.Index(v = 4099),fileIncludes(v = 6),DomFileIndex(v = 0),RelaxSymbolIndex(v = 0),XmlTagNames(v = 1),XmlNamespaces(v = 8),html5.custom.attributes.index(v = 1),SchemaTypeInheritance(v = 2),json.file.root.values(v = 5),HashFragmentIndex(v = 19115599),editorconfig.index.name(v = 5),yaml.keys.name(v = 1),PuppetFactsIndex(v = 3),PuppetRubyPluginsIndex(v = 3),docker.compose.services(v = 1),xmlProperties(v = 2),CssIndex(v = 35),css.template.selectors(v = 30),CompassFunctionsIndex(v = 33),js.test.names(v = 22),js.package.index(v = 12),js.custom.single.entry.index(v = 290),js.implicit.elements.index(v = 1006),js.string.literal.words.index(v = 4),TypeScriptExternalPathCandidates(v = 0),http.request.execution.environment(v = 3),http.request.completion.host(v = 5),http.request.headers.values.index(v = 4),sql.types.count.index(v = 0),sql.routine.index(v = 1),Py.module.name(v = 0),Py.setuptools.namespace(v = 0),DjangoBlockInheritanceIndex(v = 2),angularjs.template.cache(v = 65),angularjs.ui.router.views.index(v = 65),angularjs.app.index(v = 65),HtmlTagIdIndex(v = 3) 
2022-04-27 20:04:49,670 [  12357]   INFO - leBasedIndexDataInitialization - Index data initialization done: 2642 ms. Initialized indexes: [FilenameIndex, FrameworkDetectionIndex, TodoIndex, IdIndex, filetypes, Stubs, Trigram.Index, fileIncludes, DomFileIndex, RelaxSymbolIndex, XmlTagNames, XmlNamespaces, html5.custom.attributes.index, SchemaTypeInheritance, json.file.root.values, HashFragmentIndex, editorconfig.index.name, yaml.keys.name, PuppetFactsIndex, PuppetRubyPluginsIndex, docker.compose.services, xmlProperties, CssIndex, css.template.selectors, CompassFunctionsIndex, js.test.names, js.package.index, js.custom.single.entry.index, js.implicit.elements.index, js.string.literal.words.index, TypeScriptExternalPathCandidates, http.request.execution.environment, http.request.completion.host, http.request.headers.values.index, sql.types.count.index, sql.routine.index, Py.module.name, Py.setuptools.namespace, DjangoBlockInheritanceIndex, angularjs.template.cache, angularjs.ui.router.views.index, angularjs.app.index, HtmlTagIdIndex]. 
2022-04-27 20:04:50,221 [  12908]   INFO - tellij.psi.stubs.StubIndexImpl - Following stub indices will be built:dom.namespaceKey(v = 1),dom.elementClass(v = 0),ini.property.key(v = 2),puppet.variable(v = 8),puppet.top.variable(v = 5),puppet.namespace(v = 5),puppet.class(v = 7),puppet.subclass(v = 3),puppet.class.instantiation(v = 3),puppet.type(v = 5),puppet.resource(v = 8),puppet.resource.by.type(v = 4),puppet.function(v = 4),puppet.node(v = 4),properties.index(v = 2),markdown.header(v = 2),Css.ampersand.selector(v = 2),Css.class(v = 2),Css.id(v = 2),Css.attr(v = 2),Css.custom.property(v = 2),Css.custom.mixin(v = 2),Stylus.variables(v = 2),Stylus.mixins(v = 2),Less.mixins(v = 2),Less.variables(v = 2),Scss.variable(v = 2),Scss.placeholder.selector(v = 2),Scss.function(v = 2),Scss.mixin(v = 2),js.qualified.shortName(v = 4),js.element.qualifiedName(v = 3),JS.global.qualified.elements(v = 3),ts.external.module.index(v = 3),JS.class.super(v = 5),JS.class.implements(v = 3),JS.custom.stub.index(v = 2),js.symbol.index2(v = 6),js.typedef.index2(v = 2),js.generics.index(v = 2),JS.base.types.index(v = 3),js.class.index2(v = 3),js.namespace.index(v = 2),js.local.namespace.members.index(v = 2),JS.subclass.stub.index(v = 2),js.symbol.qualified.names.index(v = 1),amd.baseUrl.index(v = 2),amd.requirePaths.index(v = 2),js.global.symbol.index(v = 2),js.exported.index(v = 2),es6.exported.index(v = 2),js.imported.bindings.index(v = 2),es6.assignment.index(v = 2),ts.local.classes(v = 2),ts.embedded.content.index(v = 2),js.nonglobal.symbol.index(v = 2),js.lazy.packages(v = 3),js.gcl.modules(v = 2),js.doc.modules(v = 2),js.amd.modules(v = 2),sql.table.shortName(v = 3),sql.column.name(v = 3),sql.names(v = 21),Py.class.shortName(v = 2),Py.class.shortNameInsensitive(v = 2),Py.function.shortName(v = 2),Py.class.super(v = 2),Py.variable.shortName(v = 3),Python.Decorator(v = 2),Py.class.attributes(v = 2),Py.module.attribute(v = 2),Django.foreignKey(v = 4),Django.manager(v = 2),angularjs.directives.index(v = 65),angularjs.directives.doc.index(v = 65),angularjs.controller.index(v = 65),angularjs.module.index(v = 65),angularjs.filter.index(v = 65),angularjs.symbol.index(v = 65),angularjs.ui.router.states.index(v = 65),angularjs.ui.router.generic.states.index(v = 65),angularjs.templateUrl.index(v = 65),angularjs.generic.modules.index(v = 65),angularjs.delimiter.index(v = 65),angular2.templateUrl.index(v = 9),angular2.source.pipe.index(v = 9),angular2.source.directive.index(v = 9),angular2.source.module.index(v = 9),angular2.ivy.pipe.index(v = 9),angular2.ivy.directive.index(v = 9),angular2.ivy.module.index(v = 9),angular2.metadata.pipe.index(v = 9),angular2.metadata.className.index(v = 9),angular2.metadata.directive.index(v = 9),angular2.metadata.node.index(v = 9),angular2.metadata.function.index(v = 9),angular2.metadata.module.index(v = 9) 
2022-04-27 20:04:50,225 [  12912]   INFO - exImpl$StubIndexInitialization - Index data initialization done: 554 ms. Initialized stub indexes: {Css.id, angular2.templateUrl.index, dom.elementClass, ini.property.key, Python.Decorator, Css.attr, Py.variable.shortName, es6.assignment.index, es6.exported.index, Css.class, angular2.source.directive.index, dom.namespaceKey, angularjs.generic.modules.index, puppet.variable, Py.class.attributes, Py.class.super, Py.function.shortName, Py.module.attribute, puppet.top.variable, angular2.source.pipe.index, angular2.source.module.index, angularjs.templateUrl.index, angularjs.delimiter.index, Stylus.variables, js.qualified.shortName, Django.manager, puppet.class, Py.class.shortNameInsensitive, angular2.ivy.directive.index, amd.baseUrl.index, js.global.symbol.index, ts.embedded.content.index, angular2.metadata.function.index, sql.names, properties.index, js.lazy.packages, Css.ampersand.selector, Css.custom.property, Scss.function, JS.subclass.stub.index, Less.mixins, js.namespace.index, JS.base.types.index, JS.custom.stub.index, JS.class.super, JS.global.qualified.elements, js.typedef.index2, js.local.namespace.members.index, js.amd.modules, puppet.resource, angular2.metadata.className.index, Scss.placeholder.selector, Scss.variable, puppet.type, sql.table.shortName, angular2.metadata.pipe.index, angular2.metadata.directive.index, puppet.resource.by.type, js.doc.modules, puppet.class.instantiation, sql.column.name, angular2.ivy.module.index, puppet.function, angular2.metadata.node.index, angularjs.directives.doc.index, puppet.subclass, angularjs.directives.index, angularjs.module.index, angularjs.filter.index, angularjs.controller.index, angularjs.symbol.index, angularjs.ui.router.states.index, js.nonglobal.symbol.index, angularjs.ui.router.generic.states.index, Py.class.shortName, Django.foreignKey, amd.requirePaths.index, puppet.namespace, angular2.ivy.pipe.index, puppet.node, Css.custom.mixin, Stylus.mixins, angular2.metadata.module.index, markdown.header, js.gcl.modules, ts.local.classes, js.exported.index, js.class.index2, js.symbol.qualified.names.index, Less.variables, Scss.mixin, js.element.qualifiedName, JS.class.implements, js.symbol.index2, js.generics.index, ts.external.module.index, js.imported.bindings.index}. 
2022-04-27 20:04:50,671 [  13358]   INFO - il.indexing.FileBasedIndexImpl - indexes cleared: FilenameIndex, FrameworkDetectionIndex, TodoIndex, IdIndex, filetypes, Stubs, Trigram.Index, fileIncludes, DomFileIndex, RelaxSymbolIndex, XmlTagNames, XmlNamespaces, html5.custom.attributes.index, SchemaTypeInheritance, json.file.root.values, HashFragmentIndex, editorconfig.index.name, yaml.keys.name, PuppetFactsIndex, PuppetRubyPluginsIndex, docker.compose.services, xmlProperties, CssIndex, css.template.selectors, CompassFunctionsIndex, js.test.names, js.package.index, js.custom.single.entry.index, js.implicit.elements.index, js.string.literal.words.index, TypeScriptExternalPathCandidates, http.request.execution.environment, http.request.completion.host, http.request.headers.values.index, sql.types.count.index, sql.routine.index, Py.module.name, Py.setuptools.namespace, DjangoBlockInheritanceIndex, angularjs.template.cache, angularjs.ui.router.views.index, angularjs.app.index, HtmlTagIdIndex
survived indexes:  
2022-04-27 20:04:50,829 [  13516]   WARN - l.NotificationGroupManagerImpl - Notification group CodeWithMe is already registered (group=com.intellij.notification.NotificationGroup@11ebc4e8). Plugin descriptor: PluginDescriptor(name=Code With Me, id=com.jetbrains.codeWithMe, descriptorPath=plugin.xml, path=~/.gradle/caches/modules-2/files-2.1/com.jetbrains.intellij.pycharm/pycharmPY/2021.2.4/3f7601d05f08ba58cd2a596c2d5ab893b99e5df4/pycharmPY-2021.2.4/plugins/cwm-plugin, version=212.5712.39, package=null) 
2022-04-27 20:04:50,999 [  13686]   INFO - cloudConfig.CloudConfigManager - === Start.updateInitStatus === 
2022-04-27 20:04:51,006 [  13693]   INFO - cloudConfig.CloudConfigManager - === calculateInitStatus === 
2022-04-27 20:04:51,292 [  13979]   INFO - nfig.ETagCloudConfigFileClient - === Get cloud config URL: https://cloudconfig.jetbrains.com/cloudconfig/files === 
2022-04-27 20:04:51,773 [  14460]   INFO - cloudConfig.CloudConfigManager - === calculateInitStatus.value: JBA_NOT_CONNECTED === 
2022-04-27 20:04:52,683 [  15370]   INFO - ntellij.ui.mac.screenmenu.Menu - use new ScreenMenuBar implementation 
2022-04-27 20:04:54,268 [  16955]   INFO - plication.impl.ApplicationImpl - LONG VFS PROCESSING. Topic=BulkFileListener, offender=class org.jetbrains.plugins.notebooks.core.impl.file.NotebookFileChangeListener, message=after, time=777ms 
2022-04-27 20:04:54,343 [  17030]   INFO - cloudConfig.CloudConfigManager - === End.updateInitStatus === 
2022-04-27 20:05:01,687 [  24374]   INFO - lij.diagnostic.DebugLogManager - Set TRACE for the following categories: #com.jetbrains.rdserver.requests, #com.jetbrains.rd.ide.document, #com.jetbrains.rdserver.document, #com.jetbrains.rdserver.editors, #com.jetbrains.rdserver.actions, #com.jetbrains.rdserver.permissions 
2022-04-27 20:05:01,706 [  24393]   INFO - dule.ModuleBridgeLoaderService - Workspace model loaded without cache. Loading real project state into workspace model. Thread[JobScheduler FJ pool 4/7,4,main] 
2022-04-27 20:05:01,884 [  24571]   INFO - tests.impl.DistributedTestHost - Host address=localhost/127.0.0.1 
2022-04-27 20:05:01,974 [  24661]   INFO - rojectCodeStyleSettingsManager - Initialized from default code style settings. 
2022-04-27 20:05:02,021 [  24708]   INFO - ins.rd.platform.codeWithMe.a.g - sessionStatus: null 
2022-04-27 20:05:02,024 [  24711]   INFO - ins.rd.platform.codeWithMe.a.g - freeSessionRemainingTimeMs: null null 
2022-04-27 20:05:03,212 [  25899]   INFO - .TypeScriptLibraryProviderImpl - Start refreshing typescript libraries 
2022-04-27 20:05:03,290 [  25977]   INFO - .TypeScriptLibraryProviderImpl - End refreshing typescript libraries 
2022-04-27 20:05:03,323 [  26010]   INFO -              PerformancePlugin - Performance Plugin is in silent mode 
2022-04-27 20:05:03,705 [  26392]   INFO - ge.ExternalProjectsDataStorage - Load external projects data in 5 millis (read time: 1) 
2022-04-27 20:05:04,143 [  26830]   INFO - redIndexChunkConfigurationImpl - Chunk bundled-python-sdk-b84083ee875f-cf9a850f160f-com.jetbrains.pycharm.pro.sharedIndexes.bundled-PY-212.5712.39 is registered for project 'pythonProject: matching: (fb=38, stub=97), incompatible: (fb=0, stub=0), unknown: (fb=9, stub=9),  
2022-04-27 20:05:04,395 [  27082]   INFO - erver.followMe.FollowMeManager - Register new user 0:'eva' with ClientId=ClientId(value=Host) 
2022-04-27 20:05:04,491 [  27178]   INFO - redIndexChunkConfigurationImpl - Chunk bundled-js-predefined-ffdd448c697d-34490f0bdf90-JavaScript-PY-212.5712.39 is registered for project 'pythonProject: matching: (fb=33, stub=75), incompatible: (fb=0, stub=0), unknown: (fb=9, stub=9),  
2022-04-27 20:05:04,493 [  27180]   INFO - SharedIndexPostStartupActivity - Attached 2 pre-built shared indexes: bundled-python-sdk-b84083ee875f-cf9a850f160f-com.jetbrains.pycharm.pro.sharedIndexes.bundled-PY-212.5712.39, bundled-js-predefined-ffdd448c697d-34490f0bdf90-JavaScript-PY-212.5712.39 
2022-04-27 20:05:04,509 [  27196]   INFO - ramework.util.RdCoroutineScope - RdCoroutineHost overridden 
2022-04-27 20:05:04,610 [  27297]   INFO - ProjectRootPostStartUpActivity - /Users/eva/PycharmProjects/pythonProject/.idea case-sensitivity: expected=false actual=false 
2022-04-27 20:05:04,623 [  27310]   INFO - j.ide.script.IdeStartupScripts - 0 startup script(s) found 
2022-04-27 20:05:04,700 [  27387]   INFO - .diagnostic.PerformanceWatcher - Post-startup activities under progress took 1305ms; general responsiveness: ok; EDT responsiveness: 1/1 sluggish 
2022-04-27 20:05:05,119 [  27806]   INFO - oudConfig.StatusBarInfoManager - === StatusBar.start create === 
2022-04-27 20:05:05,748 [  28435]   INFO - roject.DumbServiceGuiTaskQueue - Running dumb mode task: OnDiskSharedIndexChunkLocator 
2022-04-27 20:05:05,755 [  28442]   INFO - roject.DumbServiceGuiTaskQueue - Running dumb mode task: UnindexedFilesUpdater[pythonProject] 
2022-04-27 20:05:06,135 [  28822]   INFO - tor.impl.FileEditorManagerImpl - Project opening took 4551 ms 
2022-04-27 20:05:06,171 [  28858]   INFO - ij.psi.search.LogFileTypeIndex - Loading file type index snapshot 
2022-04-27 20:05:06,204 [  28891]   INFO - indexing.UnindexedFilesUpdater - Started indexing of pythonProject. Reason: On project open 
2022-04-27 20:05:06,206 [  28893]   INFO - indexing.UnindexedFilesUpdater - Performing delayed pushing properties tasks for pythonProject took 0ms; general responsiveness: ok; EDT responsiveness: ok 
2022-04-27 20:05:06,232 [  28919]   INFO - indexing.UnindexedFilesUpdater - Scanning of pythonProject uses 7 scanning threads 
2022-04-27 20:05:06,382 [  29069]   INFO - llij.database.util.SqlDialects - SQL dialects initialized in 2 ms 
2022-04-27 20:05:06,787 [  29474]   INFO - indexing.UnindexedFilesUpdater - Scanning completed for pythonProject. Number of scanned files: 325; Number of files for indexing: 319 took 581ms; general responsiveness: ok; EDT responsiveness: ok 
2022-04-27 20:05:06,797 [  29484]   INFO - indexing.UnindexedFilesUpdater - Use 4 indexing threads for indexing of pythonProject 
2022-04-27 20:05:10,609 [  33296]   WARN - .intellij.diagnostic.VMOptions - VM options file not configured 
2022-04-27 20:05:10,616 [  33303]   INFO - gnostic.MemorySizeConfigurator - Physical memory 16384M, minimum memory size 256M, -Xmx adjusted from 512M to 2048M 
2022-04-27 20:05:10,743 [  33430]   INFO - m.codeWithMe.CodeWithMeCleanup - running activity to cleanup old thin clients... Root path is '/Users/eva/Library/Caches/JetBrains' 
2022-04-27 20:05:10,761 [  33448]   INFO - m.codeWithMe.CodeWithMeCleanup - found 0 Code With Me client system folders to check 
2022-04-27 20:05:10,763 [  33450]   INFO - m.codeWithMe.CodeWithMeCleanup - found 0 Code With Me client config folders to check 
2022-04-27 20:05:10,764 [  33451]   INFO - m.codeWithMe.CodeWithMeCleanup - keep only [] major versions 
2022-04-27 20:05:10,886 [  33573]   INFO - System.impl.PopupMenuPreloader - Popup menu 'File' preloaded at 'MainMenu' in 694 ms 
2022-04-27 20:05:10,939 [  33626]   INFO - System.impl.PopupMenuPreloader - Popup menu 'Edit' preloaded at 'MainMenu' in 753 ms 
2022-04-27 20:05:11,598 [  34285]   WARN - ctionSystem.impl.ActionUpdater - Slow (423 ms) `com.intellij.ide.browsers.actions.OpenInBrowserBaseGroupAction$OpenInBrowserGroupAction#getChildren`. Consider speeding it up and/or implementing UpdateInBackground. 
2022-04-27 20:05:12,153 [  34840]   WARN - ctionSystem.impl.ActionUpdater - 1000 ms to expand group child OpenInBrowserGroup 
2022-04-27 20:05:12,268 [  34955]   INFO - System.impl.PopupMenuPreloader - Popup menu 'View' preloaded at 'MainMenu' in 2081 ms 
2022-04-27 20:05:12,433 [  35120]   INFO - System.impl.PopupMenuPreloader - Popup menu 'Navigate' preloaded at 'MainMenu' in 2245 ms 
2022-04-27 20:05:12,565 [  35252]   INFO - System.impl.PopupMenuPreloader - Popup menu 'Code' preloaded at 'MainMenu' in 2377 ms 
2022-04-27 20:05:12,744 [  35431]   INFO - System.impl.PopupMenuPreloader - Popup menu 'Refactor' preloaded at 'MainMenu' in 2557 ms 
2022-04-27 20:05:12,991 [  35678]   INFO - System.impl.PopupMenuPreloader - Popup menu 'Run' preloaded at 'MainMenu' in 2804 ms 
2022-04-27 20:05:13,096 [  35783]   INFO - System.impl.PopupMenuPreloader - Popup menu 'Window' preloaded at 'MainMenu' in 2908 ms 
2022-04-27 20:05:13,209 [  35896]   INFO - System.impl.PopupMenuPreloader - Popup menu 'Help' preloaded at 'MainMenu' in 3022 ms 
2022-04-27 20:05:13,222 [  35909]   INFO - System.impl.PopupMenuPreloader - Popup menu 'Tools' preloaded at 'MainMenu' in 3035 ms 
2022-04-27 20:05:13,335 [  36022]   INFO - .script.IdeScriptEngineManager - javax.script.ScriptEngineManager initialized in 511 ms 
2022-04-27 20:05:13,488 [  36175]   INFO - indexing.UnindexedFilesUpdater - Finished for pythonProject. Unindexed files update took 6687ms; general responsiveness: ok; EDT responsiveness: 0/7 sluggish, 1/7 very slow 
2022-04-27 20:05:13,490 [  36177]   INFO - ij.psi.search.LogFileTypeIndex - File type index snapshot dropped 
2022-04-27 20:05:13,532 [  36219]   INFO - penapi.project.DumbServiceImpl - updateFinished 
2022-04-27 20:05:13,551 [  36238]   INFO - tFileBasedIndexStartupActivity - Has changed files: false; project=Project(name=pythonProject, containerState=COMPONENT_CREATED, componentStore=/Users/eva/PycharmProjects/pythonProject) 
2022-04-27 20:05:13,593 [  36280]   INFO - .services.SpaceKtsFileDetector - SpaceKtsFileDetector 
2022-04-27 20:05:20,558 [  43245]   INFO - rationStore.ComponentStoreImpl - Saving Module: 'pythonProject'TemplatesService took 12 ms 
2022-04-27 20:05:20,725 [  43412]   INFO - rationStore.ComponentStoreImpl - Saving Project(name=pythonProject, containerState=COMPONENT_CREATED, componentStore=/Users/eva/PycharmProjects/pythonProject)RunManager took 21 ms, XDebuggerManager took 19 ms 
2022-04-27 20:05:20,938 [  43625]   INFO - erver.followMe.FollowMeManager - Unregister user 0:'eva' with ClientId=ClientId(value=Host) 
2022-04-27 20:05:21,185 [  43872]   INFO - ication.options.PathMacrosImpl - Saved path macros: {} 
2022-04-27 20:05:21,353 [  44040]   INFO - rationStore.ComponentStoreImpl - Saving appFileTypeManager took 24 ms, PluginFeatureCacheService took 82 ms, TodoConfiguration took 33 ms 
2022-04-27 20:05:22,676 [  45363]   INFO - erver.followMe.FollowMeManager - Register new user 0:'eva' with ClientId=ClientId(value=Host) 
2022-04-27 20:05:23,641 [  46328]   INFO - rationStore.ComponentStoreImpl - Saving appFileTypeManager took 14 ms 
2022-04-27 20:05:23,671 [  46358]   INFO - ramework.util.RdCoroutineScope - RdCoroutineHost has been reset 
2022-04-27 20:05:23,682 [  46369]   INFO - ramework.util.RdCoroutineScope - RdCoroutineHost disposed 
2022-04-27 20:05:23,688 [  46375]   INFO - pl.local.NativeFileWatcherImpl - Watcher terminated with exit code 0 
2022-04-27 20:05:23,693 [  46380]   INFO - org.jetbrains.io.BuiltInServer - web server stopped 
2022-04-27 20:05:23,699 [  46386]   INFO - erver.followMe.FollowMeManager - Unregister user 0:'eva' with ClientId=ClientId(value=Host) 
2022-04-27 20:05:23,702 [  46389]   INFO - stubs.SerializationManagerImpl - Start shutting down /Users/eva/Desktop/regexp_helper/build/idea-sandbox/system/index/rep.names 
2022-04-27 20:05:23,709 [  46396]   INFO - stubs.SerializationManagerImpl - Finished shutting down /Users/eva/Desktop/regexp_helper/build/idea-sandbox/system/index/rep.names 
2022-04-27 20:05:23,713 [  46400]   INFO - .impl.FileTypeDetectionService - 4 auto-detected files. Detection took 80 ms 
2022-04-27 20:05:23,713 [  46400]   INFO - il.indexing.FileBasedIndexImpl - START INDEX SHUTDOWN 
2022-04-27 20:05:23,919 [  46606]   INFO - tellij.psi.stubs.StubIndexImpl - StubIndexExtension-s were unloaded 
2022-04-27 20:05:24,021 [  46708]   INFO - il.indexing.FileBasedIndexImpl - END INDEX SHUTDOWN 
2022-04-27 20:05:24,021 [  46708]   INFO - newvfs.persistent.PersistentFS - VFS dispose started 
2022-04-27 20:05:24,031 [  46718]   INFO - newvfs.persistent.PersistentFS - VFS dispose completed 
2022-04-27 20:05:24,096 [  46783]   INFO -        #com.intellij.idea.Main - ------------------------------------------------------ IDE SHUTDOWN ------------------------------------------------------ 
2022-04-27 20:05:24,101 [  46788]   INFO - org.jetbrains.io.BuiltInServer - web server stopped 
